<?xml version="1.0" encoding="UTF-8"?>
<testsuite xmlns:xsi="http://www.w3.org/2001/XMLSchema-instance" xsi:noNamespaceSchemaLocation="https://maven.apache.org/surefire/maven-surefire-plugin/xsd/surefire-test-report.xsd" version="3.0.2" name="org.example.productService.integration.ProductIntegrationTest" time="34.24" tests="18" errors="0" skipped="0" failures="0">
  <properties>
[...]
</properties>
  <testcase name="testDeleteProductADMIN" classname="org.example.productService.integration.ProductIntegrationTest" time="2.669">
    <system-out><![CDATA[2025-10-21T13:34:05.147+04:00  INFO 16772 --- [           main] t.c.s.AnnotationConfigContextLoaderUtils : Could not detect default configuration classes for test class [org.example.productService.integration.ProductIntegrationTest]: ProductIntegrationTest does not declare any static, non-private, non-final, nested classes annotated with @Configuration.
2025-10-21T13:34:05.246+04:00  INFO 16772 --- [           main] .b.t.c.SpringBootTestContextBootstrapper : Found @SpringBootConfiguration org.example.productService.ProductApiApplication for test class org.example.productService.integration.ProductIntegrationTest

  .   ____          _            __ _ _
 /\\ / ___'_ __ _ _(_)_ __  __ _ \ \ \ \
( ( )\___ | '_ | '_| | '_ \/ _` | \ \ \ \
 \\/  ___)| |_)| | | | | || (_| |  ) ) ) )
  '  |____| .__|_| |_|_| |_\__, | / / / /
 =========|_|==============|___/=/_/_/_/

 :: Spring Boot ::                (v3.5.6)

2025-10-21T13:34:07.640+04:00  INFO 16772 --- [           main] o.e.p.i.ProductIntegrationTest           : Starting ProductIntegrationTest using Java 17.0.15 with PID 16772 (started by gits in C:\Users\gits\IdeaProjects\spring-boot-exercise)
2025-10-21T13:34:07.641+04:00  INFO 16772 --- [           main] o.e.p.i.ProductIntegrationTest           : No active profile set, falling back to 1 default profile: "default"
2025-10-21T13:34:09.435+04:00  INFO 16772 --- [           main] .s.d.r.c.RepositoryConfigurationDelegate : Bootstrapping Spring Data JPA repositories in DEFAULT mode.
2025-10-21T13:34:09.686+04:00  INFO 16772 --- [           main] .s.d.r.c.RepositoryConfigurationDelegate : Finished Spring Data repository scanning in 208 ms. Found 1 JPA repository interface.
2025-10-21T13:34:10.532+04:00  INFO 16772 --- [           main] o.s.cloud.context.scope.GenericScope     : BeanFactory id=720cd4e6-2822-38f2-bc15-6a45e7d91111
2025-10-21T13:34:11.910+04:00  INFO 16772 --- [           main] o.hibernate.jpa.internal.util.LogHelper  : HHH000204: Processing PersistenceUnitInfo [name: default]
2025-10-21T13:34:12.295+04:00  INFO 16772 --- [           main] org.hibernate.Version                    : HHH000412: Hibernate ORM core version 6.6.29.Final
2025-10-21T13:34:12.497+04:00  INFO 16772 --- [           main] o.h.c.internal.RegionFactoryInitiator    : HHH000026: Second-level cache disabled
2025-10-21T13:34:13.208+04:00  INFO 16772 --- [           main] o.s.o.j.p.SpringPersistenceUnitInfo      : No LoadTimeWeaver setup: ignoring JPA class transformer
2025-10-21T13:34:13.419+04:00  INFO 16772 --- [           main] com.zaxxer.hikari.HikariDataSource       : HikariPool-1 - Starting...
2025-10-21T13:34:14.706+04:00  INFO 16772 --- [           main] com.zaxxer.hikari.pool.HikariPool        : HikariPool-1 - Added connection org.postgresql.jdbc.PgConnection@330d557e
2025-10-21T13:34:14.712+04:00  INFO 16772 --- [           main] com.zaxxer.hikari.HikariDataSource       : HikariPool-1 - Start completed.
2025-10-21T13:34:14.879+04:00  WARN 16772 --- [           main] org.hibernate.orm.deprecation            : HHH90000025: PostgreSQLDialect does not need to be specified explicitly using 'hibernate.dialect' (remove the property setting and it will be selected by default)
2025-10-21T13:34:14.978+04:00  INFO 16772 --- [           main] org.hibernate.orm.connections.pooling    : HHH10001005: Database info:
	Database JDBC URL [Connecting through datasource 'HikariDataSource (HikariPool-1)']
	Database driver: undefined/unknown
	Database version: 18.0
	Autocommit mode: undefined/unknown
	Isolation level: undefined/unknown
	Minimum pool size: undefined/unknown
	Maximum pool size: undefined/unknown
2025-10-21T13:34:18.311+04:00  INFO 16772 --- [           main] o.h.e.t.j.p.i.JtaPlatformInitiator       : HHH000489: No JTA platform available (set 'hibernate.transaction.jta.platform' to enable JTA platform integration)
2025-10-21T13:34:18.460+04:00  INFO 16772 --- [           main] j.LocalContainerEntityManagerFactoryBean : Initialized JPA EntityManagerFactory for persistence unit 'default'
2025-10-21T13:34:20.010+04:00  WARN 16772 --- [           main] JpaBaseConfiguration$JpaWebConfiguration : spring.jpa.open-in-view is enabled by default. Therefore, database queries may be performed during view rendering. Explicitly configure spring.jpa.open-in-view to disable this warning
2025-10-21T13:34:20.072+04:00  WARN 16772 --- [           main] .s.s.UserDetailsServiceAutoConfiguration : 

Using generated security password: ea147475-9251-4d20-b08e-3f658ff54658

This generated password is for development use only. Your security configuration must be updated before running your application in production.

2025-10-21T13:34:20.076+04:00  INFO 16772 --- [           main] r$InitializeUserDetailsManagerConfigurer : Global AuthenticationManager configured with UserDetailsService bean with name inMemoryUserDetailsManager
2025-10-21T13:34:21.251+04:00  INFO 16772 --- [           main] o.s.b.t.m.w.SpringBootMockServletContext : Initializing Spring TestDispatcherServlet ''
2025-10-21T13:34:21.252+04:00  INFO 16772 --- [           main] o.s.t.web.servlet.TestDispatcherServlet  : Initializing Servlet ''
2025-10-21T13:34:21.255+04:00  INFO 16772 --- [           main] o.s.t.web.servlet.TestDispatcherServlet  : Completed initialization in 3 ms
2025-10-21T13:34:23.095+04:00  INFO 16772 --- [           main] o.e.p.i.ProductIntegrationTest           : Started ProductIntegrationTest in 17.799 seconds (process running for 41.843)
FullUserDTO(username=admin, password=$2a$10$V8IgBTLdbW.ajxf63c2DzONJCoRc/ejdarvMe1.KXkeuiCYBMmDau, role=ADMIN)
]]></system-out>
  </testcase>
  <testcase name="testAddProductsBatchSELLER" classname="org.example.productService.integration.ProductIntegrationTest" time="1.361">
    <system-out><![CDATA[FullUserDTO(username=seller, password=$2a$10$QOb7DBaJzgnrjzgM2QiktOLsXTQOmayeSNqvb3RAAV2kd/HWd8.Wm, role=SELLER)
]]></system-out>
  </testcase>
  <testcase name="testAddProductADMIN" classname="org.example.productService.integration.ProductIntegrationTest" time="0.797">
    <system-out><![CDATA[FullUserDTO(username=admin, password=$2a$10$C9dFl5H7yZZZBn1irc463ubcH01F7QqH/tpyQheZ.lo7JKciFpWMa, role=ADMIN)
]]></system-out>
  </testcase>
  <testcase name="testGetProductBetweenPeriodWithBothNotFound" classname="org.example.productService.integration.ProductIntegrationTest" time="0.735">
    <system-out><![CDATA[FullUserDTO(username=admin, password=$2a$10$ZtlXyamooY8v/nqMggPwa.4Ppy5itpsOtoLiIglBNv4LSKwLwjtZC, role=ADMIN)
]]></system-out>
  </testcase>
  <testcase name="testGetProductBetweenPeriodWithBeforeFound" classname="org.example.productService.integration.ProductIntegrationTest" time="0.747">
    <system-out><![CDATA[FullUserDTO(username=admin, password=$2a$10$STsTYfhWtwQxilgV5qtsLuu9y3RU.hELJzCQgjVGFsx5OK8sak3Fm, role=ADMIN)
]]></system-out>
  </testcase>
  <testcase name="testGetProductBetweenPeriodCUSTOMER" classname="org.example.productService.integration.ProductIntegrationTest" time="0.786">
    <system-out><![CDATA[FullUserDTO(username=customer, password=$2a$10$xne0I49M5nE7FxZmljZF5OAXpBelmljXt1QY./4RtgYuMcNOAl5Du, role=CUSTOMER)
]]></system-out>
  </testcase>
  <testcase name="testDeleteProductSELLER" classname="org.example.productService.integration.ProductIntegrationTest" time="0.789">
    <system-out><![CDATA[FullUserDTO(username=seller, password=$2a$10$S/qLSebPJPosmUAFqtPEtO0XpZ66IWg6D5ltp7dxGALFDsOq8.WnG, role=SELLER)
]]></system-out>
  </testcase>
  <testcase name="testAddProductCUSTOMER" classname="org.example.productService.integration.ProductIntegrationTest" time="0.752">
    <system-out><![CDATA[FullUserDTO(username=customer, password=$2a$10$ZEO2Mw12AuwHy44wjDLr.O0nTs/id3OEmMMmFegxcrU7I2nOUyjKm, role=CUSTOMER)
]]></system-out>
  </testcase>
  <testcase name="testGetProductBetweenPeriodWithAfterFound" classname="org.example.productService.integration.ProductIntegrationTest" time="0.764">
    <system-out><![CDATA[FullUserDTO(username=admin, password=$2a$10$tf/95FcNNEp07GCFdbuxpuMvjjycMim.RVQT5IYvEjbylCambrIm2, role=ADMIN)
]]></system-out>
  </testcase>
  <testcase name="testGetProductBetweenPeriodWithAfterNotFound" classname="org.example.productService.integration.ProductIntegrationTest" time="0.757">
    <system-out><![CDATA[FullUserDTO(username=admin, password=$2a$10$2tEQnUocuwJdP/mShP5H6uHeUGHDS5sfaYp34P6QeKPQi0jF..WZa, role=ADMIN)
]]></system-out>
  </testcase>
  <testcase name="testGetProductBetweenPeriodSELLER" classname="org.example.productService.integration.ProductIntegrationTest" time="0.784">
    <system-out><![CDATA[FullUserDTO(username=seller, password=$2a$10$S2BcQn6/ST98gtMKXB5oy.2CY2CxXBmpYEF5LQecqq3gELsaIdzhm, role=SELLER)
]]></system-out>
  </testcase>
  <testcase name="testAddProductSELLER" classname="org.example.productService.integration.ProductIntegrationTest" time="0.729">
    <system-out><![CDATA[FullUserDTO(username=seller, password=$2a$10$C6YLXioE30fFhY6TMrhxze/fk3DJz3fpOnjxl7s4Sacp0kAKB2Q4K, role=SELLER)
]]></system-out>
  </testcase>
  <testcase name="testAddProductsBatchADMIN" classname="org.example.productService.integration.ProductIntegrationTest" time="0.724">
    <system-out><![CDATA[FullUserDTO(username=admin, password=$2a$10$zGizR1NpEk3UehUfap/6N.Z4.iwd0Qrsrth1hIqXcVORTrWiCLRli, role=ADMIN)
]]></system-out>
  </testcase>
  <testcase name="testGetProductBetweenPeriodADMIN" classname="org.example.productService.integration.ProductIntegrationTest" time="0.725">
    <system-out><![CDATA[FullUserDTO(username=admin, password=$2a$10$TvzHbi7fhWkiZZaB6MxRT.PJk1RUpV.ntCYfAbR8/CzXBIFBtdi4O, role=ADMIN)
]]></system-out>
  </testcase>
  <testcase name="testAddProductsBatchCUSTOMER" classname="org.example.productService.integration.ProductIntegrationTest" time="0.692">
    <system-out><![CDATA[FullUserDTO(username=customer, password=$2a$10$fMVkoG2rLxUWiNu7jkiglOLXk/HsdCnKzisluFhWuLp1fsLp85Fmy, role=CUSTOMER)
]]></system-out>
  </testcase>
  <testcase name="testDeleteProductCUSTOMER" classname="org.example.productService.integration.ProductIntegrationTest" time="0.63">
    <system-out><![CDATA[FullUserDTO(username=customer, password=$2a$10$A8XNl0LZh01cvQrFTQJd9OEj6AYClXTNOCzyIg7VslGWlGCANpEDK, role=CUSTOMER)
]]></system-out>
  </testcase>
  <testcase name="testGetProductBetweenPeriodWithBeforeNotFound" classname="org.example.productService.integration.ProductIntegrationTest" time="0.623">
    <system-out><![CDATA[FullUserDTO(username=admin, password=$2a$10$HiDJhN7wvRIKt1HpFVoqDuapCPsYJM6iKiNS5rxsES9utjTfT2meS, role=ADMIN)
]]></system-out>
  </testcase>
  <testcase name="testGetProductBetweenPeriodWithBothFound" classname="org.example.productService.integration.ProductIntegrationTest" time="0.625">
    <system-out><![CDATA[FullUserDTO(username=admin, password=$2a$10$VGXrYuDl9gxVJpcJk.MUaufd2EhKK6qBDf2iqUHUpZ4ZqpoeL0nNK, role=ADMIN)
]]></system-out>
  </testcase>
</testsuite>